<?xml version="1.0" encoding="UTF-8" ?>
<testsuite tests="4" failures="0" name="Runners.TestRunner" time="105.691" errors="1" skipped="0">
  <properties>
[...]
</properties>
  <testcase classname="contact page feature" name="make sure that the email field is visible" time="16.346"/>
  <testcase classname="contact page feature" name="Add new contacts" time="15.909"/>
  <testcase classname="Test the login fonctionality" name="to login with  invalid credentials #1" time="10.187"/>
  <testcase classname="Test the login fonctionality" name="to login with  invalid credentials #2" time="63.249">
    <error message="Unable to find element with locator By.xpath: //input[@value=&apos;Login&apos;]
For documentation on this error, please visit: https://selenium.dev/exceptions/#no_such_element
Build info: version: &apos;4.1.2&apos;, revision: &apos;9a5a329c5a&apos;
System info: host: &apos;DESKTOP-JLH41GV&apos;, ip: &apos;192.168.1.231&apos;, os.name: &apos;Windows 10&apos;, os.arch: &apos;x86&apos;, os.version: &apos;10.0&apos;, java.version: &apos;1.8.0_321&apos;
Driver info: driver.version: RemoteWebDriver" type="org.openqa.selenium.NoSuchElementException">org.openqa.selenium.NoSuchElementException: Unable to find element with locator By.xpath: //input[@value=&apos;Login&apos;]
For documentation on this error, please visit: https://selenium.dev/exceptions/#no_such_element
Build info: version: &apos;4.1.2&apos;, revision: &apos;9a5a329c5a&apos;
System info: host: &apos;DESKTOP-JLH41GV&apos;, ip: &apos;192.168.1.231&apos;, os.name: &apos;Windows 10&apos;, os.arch: &apos;x86&apos;, os.version: &apos;10.0&apos;, java.version: &apos;1.8.0_321&apos;
Driver info: driver.version: RemoteWebDriver
	at org.openqa.selenium.remote.ElementLocation$ElementFinder$2.findElement(ElementLocation.java:165)
	at org.openqa.selenium.remote.ElementLocation.findElement(ElementLocation.java:60)
	at org.openqa.selenium.remote.RemoteWebDriver.findElement(RemoteWebDriver.java:382)
	at org.openqa.selenium.remote.RemoteWebDriver.findElement(RemoteWebDriver.java:374)
	at StepsDefenitions.LoginSteps.error_massage_should_appear(LoginSteps.java:54)
	at ✽.Error massage should appear(file:///C:/Users/KhouloudYengui/Desktop/cucumbertest/src/test/java/Features/login.feature:8)
</error>
    <system-err>Starting ChromeDriver 98.0.4758.102 (273bf7ac8c909cde36982d27f66f3c70846a3718-refs/branch-heads/4758@{#1151}) on port 49263
Only local connections are allowed.
Please see https://chromedriver.chromium.org/security-considerations for suggestions on keeping ChromeDriver safe.
ChromeDriver was started successfully.
[1647854000.125][WARNING]: This version of ChromeDriver has not been tested with Chrome version 99.
mars 21, 2022 10:13:20 AM org.openqa.selenium.remote.ProtocolHandshake createSession
INFOS: Detected dialect: W3C
mars 21, 2022 10:13:20 AM org.openqa.selenium.devtools.CdpVersionFinder findNearestMatch
AVERTISSEMENT: Unable to find an exact match for CDP version 99, so returning the closest version found: 97
mars 21, 2022 10:13:20 AM org.openqa.selenium.devtools.CdpVersionFinder findNearestMatch
INFOS: Found CDP implementation for version 99 of 97
</system-err>
  </testcase>
</testsuite>